<?xml version="1.0" encoding="UTF-8"?>
<robot generator="Robot 3.1.2 (Python 3.7.3 on win32)" generated="20191105 20:12:35.667" rpa="false">
<suite id="s1" name="Humanity" source="C:\Automatizacija\Robot-scripts\Humanity\Tests\humanity.robot">
<test id="s1-t1" name="Add new employee - send invitation">
<kw name="Start web test" library="setup" type="setup">
<kw name="Open Browser" library="SeleniumLibrary">
<doc>Opens a new browser instance to the given ``url``.</doc>
<arguments>
<arg>${URL}</arg>
<arg>${browser}</arg>
</arguments>
<msg timestamp="20191105 20:12:36.212" level="INFO">Opening browser 'Chrome' to base url 'https://www.humanity.com'.</msg>
<status status="PASS" starttime="20191105 20:12:36.212" endtime="20191105 20:12:47.236"></status>
</kw>
<kw name="Maximize Browser Window" library="SeleniumLibrary">
<doc>Maximizes current browser window.</doc>
<status status="PASS" starttime="20191105 20:12:47.237" endtime="20191105 20:12:51.816"></status>
</kw>
<status status="PASS" starttime="20191105 20:12:36.210" endtime="20191105 20:12:51.816"></status>
</kw>
<kw name="Login - check if present" library="Login">
<kw name="Wait Until Page Contains Element" library="SeleniumLibrary">
<doc>Waits until element ``locator`` appears on current page.</doc>
<arguments>
<arg>xpath=//*[@id="navbarSupportedContent"]/div/a[2]</arg>
</arguments>
<status status="PASS" starttime="20191105 20:12:51.819" endtime="20191105 20:12:52.115"></status>
</kw>
<kw name="Wait Until Element Is Visible" library="SeleniumLibrary">
<doc>Waits until element ``locator`` is visible.</doc>
<arguments>
<arg>xpath=//*[@id="navbarSupportedContent"]/div/a[2]</arg>
</arguments>
<status status="PASS" starttime="20191105 20:12:52.116" endtime="20191105 20:12:52.238"></status>
</kw>
<kw name="Element Should Contain" library="SeleniumLibrary">
<doc>Verifies that element ``locator`` contains text ``expected``.</doc>
<arguments>
<arg>xpath=//*[@id="navbarSupportedContent"]/div/a[2]</arg>
<arg>LOGIN</arg>
</arguments>
<msg timestamp="20191105 20:12:52.278" level="INFO">Element 'xpath=//*[@id="navbarSupportedContent"]/div/a[2]' contains text 'LOGIN'.</msg>
<status status="PASS" starttime="20191105 20:12:52.238" endtime="20191105 20:12:52.279"></status>
</kw>
<status status="PASS" starttime="20191105 20:12:51.818" endtime="20191105 20:12:52.279"></status>
</kw>
<kw name="Login - click" library="Login">
<kw name="Click Element" library="SeleniumLibrary">
<doc>Click element identified by ``locator``.</doc>
<arguments>
<arg>xpath=//*[@id="navbarSupportedContent"]/div/a[2]</arg>
</arguments>
<msg timestamp="20191105 20:12:52.284" level="INFO">Clicking element 'xpath=//*[@id="navbarSupportedContent"]/div/a[2]'.</msg>
<status status="PASS" starttime="20191105 20:12:52.284" endtime="20191105 20:12:54.339"></status>
</kw>
<status status="PASS" starttime="20191105 20:12:52.283" endtime="20191105 20:12:54.339"></status>
</kw>
<kw name="Login page - Valid login" library="Login">
<kw name="Email - Humanity - visible check" library="Login">
<kw name="Wait Until Element Is Visible" library="SeleniumLibrary">
<doc>Waits until element ``locator`` is visible.</doc>
<arguments>
<arg>id=email</arg>
</arguments>
<status status="PASS" starttime="20191105 20:12:54.341" endtime="20191105 20:12:54.446"></status>
</kw>
<status status="PASS" starttime="20191105 20:12:54.340" endtime="20191105 20:12:54.446"></status>
</kw>
<kw name="Email - Humanity - input text" library="Login">
<kw name="Input Text" library="SeleniumLibrary">
<doc>Types the given ``text`` into text field identified by ``locator``.</doc>
<arguments>
<arg>id=email</arg>
<arg>filipides93@gmail.com</arg>
</arguments>
<msg timestamp="20191105 20:12:54.447" level="INFO">Typing text 'filipides93@gmail.com' into text field 'id=email'.</msg>
<status status="PASS" starttime="20191105 20:12:54.447" endtime="20191105 20:12:54.956"></status>
</kw>
<status status="PASS" starttime="20191105 20:12:54.446" endtime="20191105 20:12:54.956"></status>
</kw>
<kw name="Pass - Humanity - input text" library="Login">
<kw name="Input Text" library="SeleniumLibrary">
<doc>Types the given ``text`` into text field identified by ``locator``.</doc>
<arguments>
<arg>id=password</arg>
<arg>Start123!</arg>
</arguments>
<msg timestamp="20191105 20:12:54.957" level="INFO">Typing text 'Start123!' into text field 'id=password'.</msg>
<status status="PASS" starttime="20191105 20:12:54.957" endtime="20191105 20:12:55.348"></status>
</kw>
<status status="PASS" starttime="20191105 20:12:54.956" endtime="20191105 20:12:55.348"></status>
</kw>
<kw name="Login - Humanity - Click" library="Login">
<kw name="Click Element" library="SeleniumLibrary">
<doc>Click element identified by ``locator``.</doc>
<arguments>
<arg>name=login</arg>
</arguments>
<msg timestamp="20191105 20:12:55.349" level="INFO">Clicking element 'name=login'.</msg>
<status status="PASS" starttime="20191105 20:12:55.349" endtime="20191105 20:12:55.522"></status>
</kw>
<status status="PASS" starttime="20191105 20:12:55.348" endtime="20191105 20:12:55.522"></status>
</kw>
<status status="PASS" starttime="20191105 20:12:54.340" endtime="20191105 20:12:55.523"></status>
</kw>
<kw name="Staff - check if present" library="New_user">
<kw name="Wait Until Page Contains Element" library="SeleniumLibrary">
<doc>Waits until element ``locator`` appears on current page.</doc>
<arguments>
<arg>id=sn_staff</arg>
</arguments>
<status status="PASS" starttime="20191105 20:12:55.524" endtime="20191105 20:13:00.635"></status>
</kw>
<kw name="Wait Until Element Is Visible" library="SeleniumLibrary">
<doc>Waits until element ``locator`` is visible.</doc>
<arguments>
<arg>id=sn_staff</arg>
</arguments>
<status status="PASS" starttime="20191105 20:13:00.636" endtime="20191105 20:13:00.891"></status>
</kw>
<status status="PASS" starttime="20191105 20:12:55.523" endtime="20191105 20:13:00.891"></status>
</kw>
<kw name="Staff - click" library="New_user">
<kw name="Click Element" library="SeleniumLibrary">
<doc>Click element identified by ``locator``.</doc>
<arguments>
<arg>id=sn_staff</arg>
</arguments>
<msg timestamp="20191105 20:13:00.894" level="INFO">Clicking element 'id=sn_staff'.</msg>
<status status="PASS" starttime="20191105 20:13:00.894" endtime="20191105 20:13:01.386"></status>
</kw>
<status status="PASS" starttime="20191105 20:13:00.893" endtime="20191105 20:13:01.386"></status>
</kw>
<kw name="Add employees - chcek if present" library="New_user">
<kw name="Wait Until Page Contains Element" library="SeleniumLibrary">
<doc>Waits until element ``locator`` appears on current page.</doc>
<arguments>
<arg>id=act_primary</arg>
</arguments>
<status status="PASS" starttime="20191105 20:13:01.388" endtime="20191105 20:13:01.425"></status>
</kw>
<kw name="Wait Until Element Is Visible" library="SeleniumLibrary">
<doc>Waits until element ``locator`` is visible.</doc>
<arguments>
<arg>id=act_primary</arg>
</arguments>
<status status="PASS" starttime="20191105 20:13:01.425" endtime="20191105 20:13:01.464"></status>
</kw>
<status status="PASS" starttime="20191105 20:13:01.387" endtime="20191105 20:13:01.464"></status>
</kw>
<kw name="Add employees - click" library="New_user">
<kw name="Wait Until Element Is Visible" library="SeleniumLibrary">
<doc>Waits until element ``locator`` is visible.</doc>
<arguments>
<arg>id=act_primary</arg>
</arguments>
<status status="PASS" starttime="20191105 20:13:01.466" endtime="20191105 20:13:01.501"></status>
</kw>
<kw name="Click Element" library="SeleniumLibrary">
<doc>Click element identified by ``locator``.</doc>
<arguments>
<arg>id=act_primary</arg>
</arguments>
<msg timestamp="20191105 20:13:01.501" level="INFO">Clicking element 'id=act_primary'.</msg>
<status status="PASS" starttime="20191105 20:13:01.501" endtime="20191105 20:13:02.120"></status>
</kw>
<status status="PASS" starttime="20191105 20:13:01.465" endtime="20191105 20:13:02.120"></status>
</kw>
<kw name="First employee - send invite" library="New_user">
<kw name="Wait Until Element Is Visible" library="SeleniumLibrary">
<doc>Waits until element ``locator`` is visible.</doc>
<arguments>
<arg>id=_asf1</arg>
</arguments>
<status status="PASS" starttime="20191105 20:13:02.122" endtime="20191105 20:13:02.574"></status>
</kw>
<kw name="Input Text" library="SeleniumLibrary">
<doc>Types the given ``text`` into text field identified by ``locator``.</doc>
<arguments>
<arg>id=_asf1</arg>
<arg>Test</arg>
</arguments>
<msg timestamp="20191105 20:13:02.575" level="INFO">Typing text 'Test' into text field 'id=_asf1'.</msg>
<status status="PASS" starttime="20191105 20:13:02.575" endtime="20191105 20:13:03.243"></status>
</kw>
<kw name="Page Should Contain Element" library="SeleniumLibrary">
<doc>Verifies that element ``locator`` is found on the current page.</doc>
<arguments>
<arg>id=_asl1</arg>
</arguments>
<msg timestamp="20191105 20:13:03.264" level="INFO">Current page contains element 'id=_asl1'.</msg>
<status status="PASS" starttime="20191105 20:13:03.243" endtime="20191105 20:13:03.264"></status>
</kw>
<kw name="Input Text" library="SeleniumLibrary">
<doc>Types the given ``text`` into text field identified by ``locator``.</doc>
<arguments>
<arg>id=_asl1</arg>
<arg>One</arg>
</arguments>
<msg timestamp="20191105 20:13:03.265" level="INFO">Typing text 'One' into text field 'id=_asl1'.</msg>
<status status="PASS" starttime="20191105 20:13:03.264" endtime="20191105 20:13:03.460"></status>
</kw>
<kw name="Page Should Contain Element" library="SeleniumLibrary">
<doc>Verifies that element ``locator`` is found on the current page.</doc>
<arguments>
<arg>id=_ase1</arg>
</arguments>
<msg timestamp="20191105 20:13:03.479" level="INFO">Current page contains element 'id=_ase1'.</msg>
<status status="PASS" starttime="20191105 20:13:03.460" endtime="20191105 20:13:03.479"></status>
</kw>
<kw name="Input Text" library="SeleniumLibrary">
<doc>Types the given ``text`` into text field identified by ``locator``.</doc>
<arguments>
<arg>id=_ase1</arg>
<arg>fg1@mailinator.com</arg>
</arguments>
<msg timestamp="20191105 20:13:03.480" level="INFO">Typing text 'fg1@mailinator.com' into text field 'id=_ase1'.</msg>
<status status="PASS" starttime="20191105 20:13:03.479" endtime="20191105 20:13:03.898"></status>
</kw>
<kw name="Page Should Contain Element" library="SeleniumLibrary">
<doc>Verifies that element ``locator`` is found on the current page.</doc>
<arguments>
<arg>id=_as_save_multiple</arg>
</arguments>
<msg timestamp="20191105 20:13:03.920" level="INFO">Current page contains element 'id=_as_save_multiple'.</msg>
<status status="PASS" starttime="20191105 20:13:03.898" endtime="20191105 20:13:03.920"></status>
</kw>
<kw name="Click Element" library="SeleniumLibrary">
<doc>Click element identified by ``locator``.</doc>
<arguments>
<arg>id=_as_save_multiple</arg>
</arguments>
<msg timestamp="20191105 20:13:03.921" level="INFO">Clicking element 'id=_as_save_multiple'.</msg>
<status status="PASS" starttime="20191105 20:13:03.921" endtime="20191105 20:13:04.046"></status>
</kw>
<status status="PASS" starttime="20191105 20:13:02.121" endtime="20191105 20:13:04.046"></status>
</kw>
<kw name="First employee - activate" library="New_user">
<kw name="Wait Until Page Contains Element" library="SeleniumLibrary">
<doc>Waits until element ``locator`` appears on current page.</doc>
<arguments>
<arg>xpath=//*[@id="StaffSchedules"]/ul/li[2]/a</arg>
</arguments>
<status status="PASS" starttime="20191105 20:13:04.048" endtime="20191105 20:13:04.081"></status>
</kw>
<kw name="Click Element" library="SeleniumLibrary">
<doc>Click element identified by ``locator``.</doc>
<arguments>
<arg>xpath=//*[@id="StaffSchedules"]/ul/li[2]/a</arg>
</arguments>
<msg timestamp="20191105 20:13:04.082" level="INFO">Clicking element 'xpath=//*[@id="StaffSchedules"]/ul/li[2]/a'.</msg>
<status status="PASS" starttime="20191105 20:13:04.081" endtime="20191105 20:13:04.238"></status>
</kw>
<kw name="Reload Page" library="SeleniumLibrary">
<doc>Simulates user reloading page.</doc>
<status status="PASS" starttime="20191105 20:13:04.238" endtime="20191105 20:13:04.265"></status>
</kw>
<kw name="Wait Until Page Contains Element" library="SeleniumLibrary">
<doc>Waits until element ``locator`` appears on current page.</doc>
<arguments>
<arg>xpath=//*[@id="_cd_staff"]/div[3]/div[1]/button[2]</arg>
</arguments>
<status status="PASS" starttime="20191105 20:13:04.266" endtime="20191105 20:13:06.529"></status>
</kw>
<kw name="Wait Until Element Is Visible" library="SeleniumLibrary">
<doc>Waits until element ``locator`` is visible.</doc>
<arguments>
<arg>xpath=//*[@id="_cd_staff"]/div[3]/div[1]/button[2]</arg>
</arguments>
<msg timestamp="20191105 20:13:06.994" level="INFO">Suppressing StaleElementReferenceException from Selenium.</msg>
<status status="PASS" starttime="20191105 20:13:06.529" endtime="20191105 20:13:07.222"></status>
</kw>
<kw name="Click Element" library="SeleniumLibrary">
<doc>Click element identified by ``locator``.</doc>
<arguments>
<arg>xpath=//*[@id="_cd_staff"]/div[3]/div[1]/button[2]</arg>
</arguments>
<msg timestamp="20191105 20:13:07.223" level="INFO">Clicking element 'xpath=//*[@id="_cd_staff"]/div[3]/div[1]/button[2]'.</msg>
<status status="PASS" starttime="20191105 20:13:07.223" endtime="20191105 20:13:07.330"></status>
</kw>
<kw name="Sleep" library="BuiltIn">
<doc>Pauses the test executed for the given time.</doc>
<arguments>
<arg>2s</arg>
</arguments>
<msg timestamp="20191105 20:13:09.332" level="INFO">Slept 2 seconds</msg>
<status status="PASS" starttime="20191105 20:13:07.330" endtime="20191105 20:13:09.332"></status>
</kw>
<kw name="Handle Alert" library="SeleniumLibrary">
<doc>Handles the current alert and returns its message.</doc>
<arguments>
<arg>ACCEPT</arg>
</arguments>
<status status="PASS" starttime="20191105 20:13:09.332" endtime="20191105 20:13:09.347"></status>
</kw>
<kw name="Click Button" library="SeleniumLibrary">
<doc>Clicks button identified by ``locator``.</doc>
<arguments>
<arg>id=OK</arg>
</arguments>
<msg timestamp="20191105 20:13:09.348" level="INFO">Clicking button 'id=OK'.</msg>
<kw name="Capture Page Screenshot" library="SeleniumLibrary">
<doc>Takes screenshot of the current page and embeds it into log file.</doc>
<msg timestamp="20191105 20:13:10.646" level="INFO" html="yes">&lt;/td&gt;&lt;/tr&gt;&lt;tr&gt;&lt;td colspan="3"&gt;&lt;a href="selenium-screenshot-5.png"&gt;&lt;img src="selenium-screenshot-5.png" width="800px"&gt;&lt;/a&gt;</msg>
<status status="PASS" starttime="20191105 20:13:10.198" endtime="20191105 20:13:10.647"></status>
</kw>
<msg timestamp="20191105 20:13:10.650" level="FAIL">Button with locator 'id=OK' not found.</msg>
<status status="FAIL" starttime="20191105 20:13:09.347" endtime="20191105 20:13:10.650"></status>
</kw>
<status status="FAIL" starttime="20191105 20:13:04.047" endtime="20191105 20:13:10.651"></status>
</kw>
<kw name="End web test" library="setup" type="teardown">
<kw name="Close Browser" library="SeleniumLibrary">
<doc>Closes the current browser.</doc>
<status status="PASS" starttime="20191105 20:13:10.653" endtime="20191105 20:13:13.072"></status>
</kw>
<status status="PASS" starttime="20191105 20:13:10.652" endtime="20191105 20:13:13.073"></status>
</kw>
<status status="FAIL" starttime="20191105 20:12:36.209" endtime="20191105 20:13:13.074" critical="yes">Button with locator 'id=OK' not found.</status>
</test>
<doc>HUMANITY Automation tests</doc>
<status status="FAIL" starttime="20191105 20:12:35.670" endtime="20191105 20:13:13.077"></status>
</suite>
<statistics>
<total>
<stat pass="0" fail="1">Critical Tests</stat>
<stat pass="0" fail="1">All Tests</stat>
</total>
<tag>
</tag>
<suite>
<stat pass="0" fail="1" id="s1" name="Humanity">Humanity</stat>
</suite>
</statistics>
<errors>
</errors>
</robot>
